<?xml version="1.0" encoding="UTF-8"?>
<!-- Generated by org.testng.reporters.JUnitReportReporter -->
<testsuite hostname="Amit-VAIO" name="test.Twittter" tests="1" failures="0" timestamp="25 Apr 2019 06:41:13 GMT" time="38.634" errors="0">
  <testcase name="test" time="38.634" classname="test.Twittter"/>
</testsuite> <!-- test.Twittter -->
