<?xml version="1.0" encoding="UTF-8"?>
<!-- Generated by org.testng.reporters.JUnitReportReporter -->
<testsuite hostname="Amit-VAIO" name="test.LaunchTest" tests="1" failures="0" timestamp="25 Apr 2019 05:08:05 GMT" time="52.838" errors="0">
  <testcase name="test" time="52.838" classname="test.LaunchTest"/>
</testsuite> <!-- test.LaunchTest -->
